Arguments: 
  D:\nodejs\node.exe C:\Users\Duy\AppData\Roaming\npm\node_modules\yarn\bin\yarn.js add [package.json]

PATH: 
  C:\Windows\system32;C:\Windows;C:\Windows\System32\Wbem;C:\Windows\System32\WindowsPowerShell\v1.0\;C:\Windows\System32\OpenSSH\;C:\Program Files\dotnet\;C:\Program Files\Microsoft SQL Server\130\Tools\Binn\;C:\Program Files\Microsoft SQL Server\Client SDK\ODBC\170\Tools\Binn\;d:\sqll\100\Tools\Binn\;d:\sql\100\Tools\Binn\;d:\sql\100\DTS\Binn\;d:\sqll\100\Tools\Binn\VSShell\Common7\IDE\;d:\sqll\100\DTS\Binn\;D:\nodejs\;C:\Users\Duy\AppData\Local\Microsoft\WindowsApps;D:\Visual Code\Microsoft VS Code\bin;C:\Users\Duy\.dotnet\tools;C:\Users\Duy\AppData\Roaming\npm

Yarn version: 
  1.22.10

Node version: 
  15.12.0

Platform: 
  win32 x64

Trace: 
  Error: https://registry.yarnpkg.com/[package.json]: Not found
      at Request.params.callback [as _callback] (C:\Users\Duy\AppData\Roaming\npm\node_modules\yarn\lib\cli.js:66988:18)
      at Request.self.callback (C:\Users\Duy\AppData\Roaming\npm\node_modules\yarn\lib\cli.js:140662:22)
      at Request.emit (node:events:369:20)
      at Request.<anonymous> (C:\Users\Duy\AppData\Roaming\npm\node_modules\yarn\lib\cli.js:141634:10)
      at Request.emit (node:events:369:20)
      at IncomingMessage.<anonymous> (C:\Users\Duy\AppData\Roaming\npm\node_modules\yarn\lib\cli.js:141556:12)
      at Object.onceWrapper (node:events:475:28)
      at IncomingMessage.emit (node:events:381:22)
      at endReadableNT (node:internal/streams/readable:1307:12)
      at processTicksAndRejections (node:internal/process/task_queues:81:21)

npm manifest: 
  No manifest

yarn manifest: 
  No manifest

Lockfile: 
  No lockfile
